<?xml version="1.0" encoding="UTF-8"?>
<!-- Generated by org.testng.reporters.JUnitReportReporter -->
<testsuite hostname="WKWIN5573498" name="cucumber.Options.TestRunner" tests="1" failures="0" timestamp="14 Jul 2020 12:08:08 GMT" time="5.135" errors="0">
  <testcase name="runScenario" time="5.135" classname="cucumber.Options.TestRunner"/>
</testsuite> <!-- cucumber.Options.TestRunner -->
