<?xml version="1.0" encoding="UTF-8"?>
<!-- Generated by org.testng.reporters.JUnitReportReporter -->
<testsuite hostname="WKWIN5573498" name="cucumber.Options.TestRunner" tests="1" failures="0" timestamp="29 Jul 2020 06:05:51 GMT" time="6.339" errors="0">
  <testcase name="runScenario" time="6.339" classname="cucumber.Options.TestRunner"/>
</testsuite> <!-- cucumber.Options.TestRunner -->
