<?xml version="1.0" encoding="UTF-8"?>
<!-- Generated by org.testng.reporters.JUnitReportReporter -->
<testsuite hostname="WKWIN5573498" name="cucumber.Options.TestRunner" tests="1" failures="0" timestamp="18 Jul 2020 12:50:12 GMT" time="5.036" errors="0">
  <testcase name="runScenario" time="5.036" classname="cucumber.Options.TestRunner"/>
</testsuite> <!-- cucumber.Options.TestRunner -->
