<?xml version="1.0" encoding="UTF-8"?>
<!-- Generated by org.testng.reporters.JUnitReportReporter -->
<testsuite hostname="WKWIN5573498" name="perf.perfJmeter" tests="1" failures="0" timestamp="2 Jul 2020 06:52:07 GMT" time="0.015" errors="0">
  <testcase name="perfTest" time="0.015" classname="perf.perfJmeter"/>
</testsuite> <!-- perf.perfJmeter -->
