<?xml version="1.0" encoding="UTF-8"?>
<!-- Generated by org.testng.reporters.JUnitReportReporter -->
<testsuite hostname="WKWIN5573498" name="cucumber.Options.TestRunner" tests="1" failures="0" timestamp="7 Jul 2020 12:13:43 GMT" time="7.457" errors="0">
  <testcase name="runScenario" time="7.457" classname="cucumber.Options.TestRunner"/>
</testsuite> <!-- cucumber.Options.TestRunner -->
