<?xml version="1.0" encoding="UTF-8"?>
<!-- Generated by org.testng.reporters.JUnitReportReporter -->
<testsuite hostname="WKWIN5573498" name="cucumber.Options.TestRunner" tests="3" failures="0" timestamp="24 Jun 2020 06:48:44 GMT" time="5.973" errors="0">
  <testcase name="runScenario" time="0.672" classname="cucumber.Options.TestRunner"/>
  <testcase name="runScenario" time="4.615" classname="cucumber.Options.TestRunner"/>
  <testcase name="runScenario" time="0.686" classname="cucumber.Options.TestRunner"/>
</testsuite> <!-- cucumber.Options.TestRunner -->
