<?xml version="1.0" encoding="UTF-8"?>
<!-- Generated by org.testng.reporters.JUnitReportReporter -->
<testsuite hostname="WKWIN5573498" name="cucumber.Options.TestRunner" tests="2" failures="0" timestamp="13 Jul 2020 17:04:50 GMT" time="5.498" errors="0">
  <testcase name="runScenario" time="0.792" classname="cucumber.Options.TestRunner"/>
  <testcase name="runScenario" time="4.706" classname="cucumber.Options.TestRunner"/>
</testsuite> <!-- cucumber.Options.TestRunner -->
