<?xml version="1.0" encoding="UTF-8"?>
<!-- Generated by org.testng.reporters.JUnitReportReporter -->
<testsuite hostname="WKWIN5573498" name="cucumber.Options.TestRunner" tests="4" failures="0" timestamp="19 Jul 2020 18:09:02 GMT" time="12.461" errors="0">
  <testcase name="runScenario" time="0.690" classname="cucumber.Options.TestRunner"/>
  <testcase name="runScenario" time="0.740" classname="cucumber.Options.TestRunner"/>
  <testcase name="runScenario" time="0.299" classname="cucumber.Options.TestRunner"/>
  <testcase name="runScenario" time="10.732" classname="cucumber.Options.TestRunner"/>
</testsuite> <!-- cucumber.Options.TestRunner -->
