<?xml version="1.0" encoding="UTF-8"?>
<!-- Generated by org.testng.reporters.JUnitReportReporter -->
<testsuite hostname="WKWIN5573498" name="cucumber.Options.TestRunner" tests="2" failures="0" timestamp="13 Jul 2020 17:04:12 GMT" time="8.559" errors="0">
  <testcase name="runScenario" time="7.821" classname="cucumber.Options.TestRunner"/>
  <testcase name="runScenario" time="0.738" classname="cucumber.Options.TestRunner"/>
</testsuite> <!-- cucumber.Options.TestRunner -->
