<?xml version="1.0" encoding="UTF-8"?>
<!-- Generated by org.testng.reporters.JUnitReportReporter -->
<testsuite hostname="WKWIN5573498" name="cucumber.Options.TestRunner" tests="1" failures="0" timestamp="18 Jul 2020 10:43:22 GMT" time="9.282" errors="0">
  <testcase name="runScenario" time="9.282" classname="cucumber.Options.TestRunner"/>
</testsuite> <!-- cucumber.Options.TestRunner -->
