<?xml version="1.0" encoding="UTF-8"?>
<!-- Generated by org.testng.reporters.JUnitReportReporter -->
<testsuite hostname="WKWIN5573498" name="cucumber.Options.TestRunner" tests="2" failures="0" timestamp="27 Jul 2020 11:14:25 GMT" time="12.094" errors="0">
  <testcase name="runScenario" time="11.676" classname="cucumber.Options.TestRunner"/>
  <testcase name="runScenario" time="0.418" classname="cucumber.Options.TestRunner"/>
</testsuite> <!-- cucumber.Options.TestRunner -->
